2020-10-22 14:05:57.971  INFO 584 --- [restartedMain] com.kxj.SchedulerApplication             : Starting SchedulerApplication on DESKTOP-4IJL66C with PID 584 (D:\github\SpringBoot-Learning\Scheduler\target\classes started by Ben in D:\github\SpringBoot-Learning)
2020-10-22 14:05:57.975  INFO 584 --- [restartedMain] com.kxj.SchedulerApplication             : No active profile set, falling back to default profiles: default
2020-10-22 14:05:58.113  INFO 584 --- [restartedMain] .e.DevToolsPropertyDefaultsPostProcessor : Devtools property defaults active! Set 'spring.devtools.add-properties' to 'false' to disable
2020-10-22 14:05:58.114  INFO 584 --- [restartedMain] .e.DevToolsPropertyDefaultsPostProcessor : For additional web related logging consider setting the 'logging.level.web' property to 'DEBUG'
2020-10-22 14:05:59.053  INFO 584 --- [restartedMain] o.s.b.w.embedded.tomcat.TomcatWebServer  : Tomcat initialized with port(s): 8902 (http)
2020-10-22 14:05:59.066  INFO 584 --- [restartedMain] o.apache.catalina.core.StandardService   : Starting service [Tomcat]
2020-10-22 14:05:59.066  INFO 584 --- [restartedMain] org.apache.catalina.core.StandardEngine  : Starting Servlet Engine: Apache Tomcat/9.0.12
2020-10-22 14:05:59.073  INFO 584 --- [restartedMain] o.a.catalina.core.AprLifecycleListener   : The APR based Apache Tomcat Native library which allows optimal performance in production environments was not found on the java.library.path: [C:\Program Files\Java\jdk1.8.0_91\bin;C:\WINDOWS\Sun\Java\bin;C:\WINDOWS\system32;C:\WINDOWS;C:\ProgramData\Oracle\Java\javapath;C:\WINDOWS\system32;C:\WINDOWS;C:\WINDOWS\System32\Wbem;C:\WINDOWS\System32\WindowsPowerShell\v1.0\;C:\WINDOWS\System32\OpenSSH\;C:\Program Files (x86)\Intel\Intel(R) Management Engine Components\DAL;C:\Program Files\Intel\Intel(R) Management Engine Components\DAL;C:\Program Files\Java\jdk1.8.0_91\bin;C:\Program Files\Java\jdk1.8.0_91\jre\bin;D:\soft\Git\cmd;C:\Program Files\MySQL\MySQL Server 5.7\bin;D:\soft\maven\apache-maven-3.6.3\bin;D:\soft\mongodb\bin;D:\soft\redis\;C:\Users\Ben\AppData\Local\Programs\Python\Python37\;C:\Users\Ben\AppData\Local\Programs\Python\Python37\Scripts;C:\Program Files\MySQL\MySQL Shell 8.0\bin\;C:\Users\Ben\AppData\Local\Microsoft\WindowsApps;;.]
2020-10-22 14:05:59.151  INFO 584 --- [restartedMain] o.a.c.c.C.[Tomcat].[localhost].[/]       : Initializing Spring embedded WebApplicationContext
2020-10-22 14:05:59.151  INFO 584 --- [restartedMain] o.s.web.context.ContextLoader            : Root WebApplicationContext: initialization completed in 1036 ms
2020-10-22 14:05:59.173  INFO 584 --- [restartedMain] o.s.b.w.servlet.ServletRegistrationBean  : Servlet dispatcherServlet mapped to [/]
2020-10-22 14:05:59.177  INFO 584 --- [restartedMain] o.s.b.w.servlet.FilterRegistrationBean   : Mapping filter: 'characterEncodingFilter' to: [/*]
2020-10-22 14:05:59.178  INFO 584 --- [restartedMain] o.s.b.w.servlet.FilterRegistrationBean   : Mapping filter: 'hiddenHttpMethodFilter' to: [/*]
2020-10-22 14:05:59.178  INFO 584 --- [restartedMain] o.s.b.w.servlet.FilterRegistrationBean   : Mapping filter: 'formContentFilter' to: [/*]
2020-10-22 14:05:59.178  INFO 584 --- [restartedMain] o.s.b.w.servlet.FilterRegistrationBean   : Mapping filter: 'requestContextFilter' to: [/*]
2020-10-22 14:05:59.360  INFO 584 --- [restartedMain] o.s.s.concurrent.ThreadPoolTaskExecutor  : Initializing ExecutorService 'applicationTaskExecutor'
2020-10-22 14:05:59.479  INFO 584 --- [restartedMain] org.quartz.impl.StdSchedulerFactory      : Using default implementation for ThreadExecutor
2020-10-22 14:05:59.488  INFO 584 --- [restartedMain] org.quartz.core.SchedulerSignalerImpl    : Initialized Scheduler Signaller of type: class org.quartz.core.SchedulerSignalerImpl
2020-10-22 14:05:59.488  INFO 584 --- [restartedMain] org.quartz.core.QuartzScheduler          : Quartz Scheduler v.2.3.0 created.
2020-10-22 14:05:59.489  INFO 584 --- [restartedMain] org.quartz.simpl.RAMJobStore             : RAMJobStore initialized.
2020-10-22 14:05:59.490  INFO 584 --- [restartedMain] org.quartz.core.QuartzScheduler          : Scheduler meta-data: Quartz Scheduler (v2.3.0) 'quartzScheduler' with instanceId 'NON_CLUSTERED'
  Scheduler class: 'org.quartz.core.QuartzScheduler' - running locally.
  NOT STARTED.
  Currently in standby mode.
  Number of jobs executed: 0
  Using thread pool 'org.quartz.simpl.SimpleThreadPool' - with 10 threads.
  Using job-store 'org.quartz.simpl.RAMJobStore' - which does not support persistence. and is not clustered.

2020-10-22 14:05:59.490  INFO 584 --- [restartedMain] org.quartz.impl.StdSchedulerFactory      : Quartz scheduler 'quartzScheduler' initialized from an externally provided properties instance.
2020-10-22 14:05:59.490  INFO 584 --- [restartedMain] org.quartz.impl.StdSchedulerFactory      : Quartz scheduler version: 2.3.0
2020-10-22 14:05:59.490  INFO 584 --- [restartedMain] org.quartz.core.QuartzScheduler          : JobFactory set to: org.springframework.scheduling.quartz.SpringBeanJobFactory@78015d3e
2020-10-22 14:05:59.498  INFO 584 --- [restartedMain] o.s.s.c.ThreadPoolTaskScheduler          : Initializing ExecutorService 'taskScheduler'
2020-10-22 14:05:59.524  INFO 584 --- [restartedMain] o.s.b.d.a.OptionalLiveReloadServer       : LiveReload server is running on port 35729
2020-10-22 14:05:59.541  INFO 584 --- [restartedMain] o.s.s.quartz.SchedulerFactoryBean        : Starting Quartz Scheduler now
2020-10-22 14:05:59.541  INFO 584 --- [restartedMain] org.quartz.core.QuartzScheduler          : Scheduler quartzScheduler_$_NON_CLUSTERED started.
2020-10-22 14:05:59.623  INFO 584 --- [restartedMain] o.s.b.w.embedded.tomcat.TomcatWebServer  : Tomcat started on port(s): 8902 (http) with context path ''
2020-10-22 14:05:59.626  INFO 584 --- [restartedMain] com.kxj.SchedulerApplication             : Started SchedulerApplication in 2.042 seconds (JVM running for 3.733)
2020-10-22 14:06:01.004  INFO 584 --- [scheduling-1] com.kxj.task.ScheduleTask                : task-1, 每隔两秒执行一次, 线程Id：43， 线程名：scheduling-1，时间：2020-10-22T14:06:01.004
2020-10-22 14:06:02.975  INFO 584 --- [Thread-13] org.quartz.core.QuartzScheduler          : Scheduler quartzScheduler_$_NON_CLUSTERED paused.
2020-10-22 14:06:02.976  INFO 584 --- [Thread-13] o.s.s.c.ThreadPoolTaskScheduler          : Shutting down ExecutorService 'taskScheduler'
2020-10-22 14:06:02.976  INFO 584 --- [Thread-13] o.s.s.quartz.SchedulerFactoryBean        : Shutting down Quartz Scheduler
2020-10-22 14:06:02.977  INFO 584 --- [Thread-13] org.quartz.core.QuartzScheduler          : Scheduler quartzScheduler_$_NON_CLUSTERED shutting down.
2020-10-22 14:06:02.977  INFO 584 --- [Thread-13] org.quartz.core.QuartzScheduler          : Scheduler quartzScheduler_$_NON_CLUSTERED paused.
2020-10-22 14:06:02.977  INFO 584 --- [Thread-13] org.quartz.core.QuartzScheduler          : Scheduler quartzScheduler_$_NON_CLUSTERED shutdown complete.
2020-10-22 14:06:02.978  INFO 584 --- [Thread-13] o.s.s.concurrent.ThreadPoolTaskExecutor  : Shutting down ExecutorService 'applicationTaskExecutor'
2020-10-22 14:06:02.980 ERROR 584 --- [scheduling-1] o.s.s.s.TaskUtils$LoggingErrorHandler    : Unexpected error occurred in scheduled task.

java.lang.InterruptedException: sleep interrupted
	at java.lang.Thread.sleep(Native Method) [na:1.8.0_91]
	at com.kxj.task.ScheduleTask.task1(ScheduleTask.java:24) ~[classes/:na]
	at sun.reflect.NativeMethodAccessorImpl.invoke0(Native Method) ~[na:1.8.0_91]
	at sun.reflect.NativeMethodAccessorImpl.invoke(NativeMethodAccessorImpl.java:62) ~[na:1.8.0_91]
	at sun.reflect.DelegatingMethodAccessorImpl.invoke(DelegatingMethodAccessorImpl.java:43) ~[na:1.8.0_91]
	at java.lang.reflect.Method.invoke(Method.java:498) ~[na:1.8.0_91]
	at org.springframework.scheduling.support.ScheduledMethodRunnable.run(ScheduledMethodRunnable.java:84) ~[spring-context-5.1.2.RELEASE.jar:5.1.2.RELEASE]
	at org.springframework.scheduling.support.DelegatingErrorHandlingRunnable.run(DelegatingErrorHandlingRunnable.java:54) ~[spring-context-5.1.2.RELEASE.jar:5.1.2.RELEASE]
	at org.springframework.scheduling.concurrent.ReschedulingRunnable.run(ReschedulingRunnable.java:93) [spring-context-5.1.2.RELEASE.jar:5.1.2.RELEASE]
	at java.util.concurrent.Executors$RunnableAdapter.call(Executors.java:511) [na:1.8.0_91]
	at java.util.concurrent.FutureTask.run$$$capture(FutureTask.java:266) [na:1.8.0_91]
	at java.util.concurrent.FutureTask.run(FutureTask.java) [na:1.8.0_91]
	at java.util.concurrent.ScheduledThreadPoolExecutor$ScheduledFutureTask.access$201(ScheduledThreadPoolExecutor.java:180) [na:1.8.0_91]
	at java.util.concurrent.ScheduledThreadPoolExecutor$ScheduledFutureTask.run(ScheduledThreadPoolExecutor.java:293) [na:1.8.0_91]
	at java.util.concurrent.ThreadPoolExecutor.runWorker(ThreadPoolExecutor.java:1142) [na:1.8.0_91]
	at java.util.concurrent.ThreadPoolExecutor$Worker.run(ThreadPoolExecutor.java:617) [na:1.8.0_91]
	at java.lang.Thread.run(Thread.java:745) [na:1.8.0_91]

