2020-10-26 10:02:12.789  INFO 17232 --- [restartedMain] com.kxj.SchedulerApplication             : Starting SchedulerApplication on DESKTOP-4IJL66C with PID 17232 (D:\github\SpringBoot-Learning\Scheduler\target\classes started by Ben in D:\github\SpringBoot-Learning)
2020-10-26 10:02:12.794  INFO 17232 --- [restartedMain] com.kxj.SchedulerApplication             : No active profile set, falling back to default profiles: default
2020-10-26 10:02:12.837  INFO 17232 --- [restartedMain] .e.DevToolsPropertyDefaultsPostProcessor : Devtools property defaults active! Set 'spring.devtools.add-properties' to 'false' to disable
2020-10-26 10:02:12.838  INFO 17232 --- [restartedMain] .e.DevToolsPropertyDefaultsPostProcessor : For additional web related logging consider setting the 'logging.level.web' property to 'DEBUG'
2020-10-26 10:02:13.487  INFO 17232 --- [restartedMain] .s.d.r.c.RepositoryConfigurationDelegate : Bootstrapping Spring Data repositories in DEFAULT mode.
2020-10-26 10:02:13.545  INFO 17232 --- [restartedMain] .s.d.r.c.RepositoryConfigurationDelegate : Finished Spring Data repository scanning in 50ms. Found 1 repository interfaces.
2020-10-26 10:02:13.885  INFO 17232 --- [restartedMain] trationDelegate$BeanPostProcessorChecker : Bean 'org.springframework.transaction.annotation.ProxyTransactionManagementConfiguration' of type [org.springframework.transaction.annotation.ProxyTransactionManagementConfiguration$$EnhancerBySpringCGLIB$$d97b2f4b] is not eligible for getting processed by all BeanPostProcessors (for example: not eligible for auto-proxying)
2020-10-26 10:02:14.326  INFO 17232 --- [restartedMain] o.s.b.w.embedded.tomcat.TomcatWebServer  : Tomcat initialized with port(s): 8902 (http)
2020-10-26 10:02:14.349  INFO 17232 --- [restartedMain] o.apache.catalina.core.StandardService   : Starting service [Tomcat]
2020-10-26 10:02:14.350  INFO 17232 --- [restartedMain] org.apache.catalina.core.StandardEngine  : Starting Servlet Engine: Apache Tomcat/9.0.12
2020-10-26 10:02:14.357  INFO 17232 --- [restartedMain] o.a.catalina.core.AprLifecycleListener   : The APR based Apache Tomcat Native library which allows optimal performance in production environments was not found on the java.library.path: [C:\Program Files\Java\jdk1.8.0_91\bin;C:\WINDOWS\Sun\Java\bin;C:\WINDOWS\system32;C:\WINDOWS;C:\ProgramData\Oracle\Java\javapath;C:\WINDOWS\system32;C:\WINDOWS;C:\WINDOWS\System32\Wbem;C:\WINDOWS\System32\WindowsPowerShell\v1.0\;C:\WINDOWS\System32\OpenSSH\;C:\Program Files (x86)\Intel\Intel(R) Management Engine Components\DAL;C:\Program Files\Intel\Intel(R) Management Engine Components\DAL;C:\Program Files\Java\jdk1.8.0_91\bin;C:\Program Files\Java\jdk1.8.0_91\jre\bin;D:\soft\Git\cmd;C:\Program Files\MySQL\MySQL Server 5.7\bin;D:\soft\maven\apache-maven-3.6.3\bin;D:\soft\mongodb\bin;D:\soft\redis\;C:\Users\Ben\AppData\Local\Programs\Python\Python37\;C:\Users\Ben\AppData\Local\Programs\Python\Python37\Scripts;C:\Program Files\MySQL\MySQL Shell 8.0\bin\;C:\Users\Ben\AppData\Local\Microsoft\WindowsApps;;.]
2020-10-26 10:02:14.468  INFO 17232 --- [restartedMain] o.a.c.c.C.[Tomcat].[localhost].[/]       : Initializing Spring embedded WebApplicationContext
2020-10-26 10:02:14.469  INFO 17232 --- [restartedMain] o.s.web.context.ContextLoader            : Root WebApplicationContext: initialization completed in 1631 ms
2020-10-26 10:02:14.494  INFO 17232 --- [restartedMain] o.s.b.w.servlet.ServletRegistrationBean  : Servlet dispatcherServlet mapped to [/]
2020-10-26 10:02:14.498  INFO 17232 --- [restartedMain] o.s.b.w.servlet.FilterRegistrationBean   : Mapping filter: 'characterEncodingFilter' to: [/*]
2020-10-26 10:02:14.498  INFO 17232 --- [restartedMain] o.s.b.w.servlet.FilterRegistrationBean   : Mapping filter: 'hiddenHttpMethodFilter' to: [/*]
2020-10-26 10:02:14.499  INFO 17232 --- [restartedMain] o.s.b.w.servlet.FilterRegistrationBean   : Mapping filter: 'formContentFilter' to: [/*]
2020-10-26 10:02:14.499  INFO 17232 --- [restartedMain] o.s.b.w.servlet.FilterRegistrationBean   : Mapping filter: 'requestContextFilter' to: [/*]
2020-10-26 10:02:14.635  INFO 17232 --- [restartedMain] com.zaxxer.hikari.HikariDataSource       : HikariPool-1 - Starting...
2020-10-26 10:02:14.968  INFO 17232 --- [restartedMain] com.zaxxer.hikari.HikariDataSource       : HikariPool-1 - Start completed.
2020-10-26 10:02:15.016  INFO 17232 --- [restartedMain] o.hibernate.jpa.internal.util.LogHelper  : HHH000204: Processing PersistenceUnitInfo [
	name: default
	...]
2020-10-26 10:02:15.095  INFO 17232 --- [restartedMain] org.hibernate.Version                    : HHH000412: Hibernate Core {5.3.7.Final}
2020-10-26 10:02:15.096  INFO 17232 --- [restartedMain] org.hibernate.cfg.Environment            : HHH000206: hibernate.properties not found
2020-10-26 10:02:15.265  INFO 17232 --- [restartedMain] o.hibernate.annotations.common.Version   : HCANN000001: Hibernate Commons Annotations {5.0.4.Final}
2020-10-26 10:02:15.399  INFO 17232 --- [restartedMain] org.hibernate.dialect.Dialect            : HHH000400: Using dialect: org.hibernate.dialect.MySQL5Dialect
2020-10-26 10:02:15.977  INFO 17232 --- [restartedMain] j.LocalContainerEntityManagerFactoryBean : Initialized JPA EntityManagerFactory for persistence unit 'default'
2020-10-26 10:02:16.521  INFO 17232 --- [restartedMain] o.s.s.concurrent.ThreadPoolTaskExecutor  : Initializing ExecutorService 'applicationTaskExecutor'
2020-10-26 10:02:16.575  WARN 17232 --- [restartedMain] aWebConfiguration$JpaWebMvcConfiguration : spring.jpa.open-in-view is enabled by default. Therefore, database queries may be performed during view rendering. Explicitly configure spring.jpa.open-in-view to disable this warning
2020-10-26 10:02:16.786  INFO 17232 --- [restartedMain] org.quartz.impl.StdSchedulerFactory      : Using default implementation for ThreadExecutor
2020-10-26 10:02:16.799  INFO 17232 --- [restartedMain] org.quartz.core.SchedulerSignalerImpl    : Initialized Scheduler Signaller of type: class org.quartz.core.SchedulerSignalerImpl
2020-10-26 10:02:16.799  INFO 17232 --- [restartedMain] org.quartz.core.QuartzScheduler          : Quartz Scheduler v.2.3.0 created.
2020-10-26 10:02:16.827  INFO 17232 --- [restartedMain] org.quartz.simpl.RAMJobStore             : RAMJobStore initialized.
2020-10-26 10:02:16.828  INFO 17232 --- [restartedMain] org.quartz.core.QuartzScheduler          : Scheduler meta-data: Quartz Scheduler (v2.3.0) 'quartzScheduler' with instanceId 'NON_CLUSTERED'
  Scheduler class: 'org.quartz.core.QuartzScheduler' - running locally.
  NOT STARTED.
  Currently in standby mode.
  Number of jobs executed: 0
  Using thread pool 'org.quartz.simpl.SimpleThreadPool' - with 10 threads.
  Using job-store 'org.quartz.simpl.RAMJobStore' - which does not support persistence. and is not clustered.

2020-10-26 10:02:16.828  INFO 17232 --- [restartedMain] org.quartz.impl.StdSchedulerFactory      : Quartz scheduler 'quartzScheduler' initialized from an externally provided properties instance.
2020-10-26 10:02:16.829  INFO 17232 --- [restartedMain] org.quartz.impl.StdSchedulerFactory      : Quartz scheduler version: 2.3.0
2020-10-26 10:02:16.829  INFO 17232 --- [restartedMain] org.quartz.core.QuartzScheduler          : JobFactory set to: org.springframework.scheduling.quartz.SpringBeanJobFactory@258f285b
2020-10-26 10:02:16.889  INFO 17232 --- [restartedMain] o.s.b.d.a.OptionalLiveReloadServer       : LiveReload server is running on port 35729
2020-10-26 10:02:16.920  INFO 17232 --- [restartedMain] o.s.s.quartz.SchedulerFactoryBean        : Starting Quartz Scheduler now
2020-10-26 10:02:16.920  INFO 17232 --- [restartedMain] org.quartz.core.QuartzScheduler          : Scheduler quartzScheduler_$_NON_CLUSTERED started.
2020-10-26 10:02:16.928  INFO 17232 --- [restartedMain] o.s.s.c.ThreadPoolTaskScheduler          : Initializing ExecutorService
2020-10-26 10:02:16.967  INFO 17232 --- [restartedMain] o.h.h.i.QueryTranslatorFactoryInitiator  : HHH000397: Using ASTQueryTranslatorFactory
2020-10-26 10:02:23.325  INFO 17232 --- [restartedMain] o.s.b.w.embedded.tomcat.TomcatWebServer  : Tomcat started on port(s): 8902 (http) with context path ''
2020-10-26 10:02:23.330  INFO 17232 --- [restartedMain] com.kxj.SchedulerApplication             : Started SchedulerApplication in 10.977 seconds (JVM running for 13.23)
2020-10-26 10:02:25.005  INFO 17232 --- [scheduled-task-pool-3] com.kxj.task.DynamicPrintTask1           : thread id:56,DynamicPrintTask execute times:1
2020-10-26 10:02:25.005  INFO 17232 --- [scheduled-task-pool-2] com.kxj.task.DynamicPrintTask            : thread id:55,DynamicPrintTask execute times:1
2020-10-26 10:02:25.007  INFO 17232 --- [scheduled-task-pool-1] com.kxj.task.DynamicPrintTask2           : thread id:54,DynamicPrintTask execute times:1
2020-10-26 10:02:28.766  INFO 17232 --- [Thread-19] org.quartz.core.QuartzScheduler          : Scheduler quartzScheduler_$_NON_CLUSTERED paused.
2020-10-26 10:02:28.768  INFO 17232 --- [Thread-19] o.s.s.quartz.SchedulerFactoryBean        : Shutting down Quartz Scheduler
2020-10-26 10:02:28.768  INFO 17232 --- [Thread-19] org.quartz.core.QuartzScheduler          : Scheduler quartzScheduler_$_NON_CLUSTERED shutting down.
2020-10-26 10:02:28.768  INFO 17232 --- [Thread-19] org.quartz.core.QuartzScheduler          : Scheduler quartzScheduler_$_NON_CLUSTERED paused.
2020-10-26 10:02:28.768  INFO 17232 --- [Thread-19] org.quartz.core.QuartzScheduler          : Scheduler quartzScheduler_$_NON_CLUSTERED shutdown complete.
2020-10-26 10:02:28.769  INFO 17232 --- [Thread-19] o.s.s.concurrent.ThreadPoolTaskExecutor  : Shutting down ExecutorService 'applicationTaskExecutor'
2020-10-26 10:02:28.771  INFO 17232 --- [Thread-19] j.LocalContainerEntityManagerFactoryBean : Closing JPA EntityManagerFactory for persistence unit 'default'
2020-10-26 10:02:28.774  INFO 17232 --- [Thread-19] com.zaxxer.hikari.HikariDataSource       : HikariPool-1 - Shutdown initiated...
2020-10-26 10:02:28.779  INFO 17232 --- [Thread-19] com.zaxxer.hikari.HikariDataSource       : HikariPool-1 - Shutdown completed.
